<?xml version="1.0" encoding="UTF-8"?>
<!-- Generated by org.testng.reporters.JUnitXMLReporter -->
<testsuite ignored="0" hostname="MPARTHA" failures="0" tests="3" name="End to End" time="65.398" errors="0" timestamp="2024-08-03T14:53:13 IST">
  <testcase classname="MPTechpractise.Test.Originalcodepractise2" name="submitOrder" time="28.526"/>
  <testcase classname="MPTechpractise.Test.Originalcodepractise2" name="submitOrder" time="22.75"/>
  <testcase classname="MPTechpractise.Test.Originalcodepractise2" name="orderhistory" time="0.736"/>
</testsuite> <!-- End to End -->
