<?xml version="1.0" encoding="UTF-8"?>
<!-- Generated by org.testng.reporters.JUnitXMLReporter -->
<testsuite ignored="0" hostname="MPARTHA" failures="1" tests="4" name="Validations" time="33.924" errors="0" timestamp="2024-08-03T14:52:41 IST">
  <testcase classname="MPTechpractise.Test.Errorvalidationpractise" name="asubmitOrder" time="0.59">
    <skipped/>
  </testcase> <!-- asubmitOrder -->
  <testcase classname="MPTechpractise.Test.Errorvalidationpractise" name="asubmitOrder" time="0.567">
    <skipped/>
  </testcase> <!-- asubmitOrder -->
  <testcase classname="MPTechpractise.Test.Errorvalidationpractise" name="asubmitOrder" time="1.247">
    <failure type="java.lang.AssertionError" message="expected [Incorrect email or password.] but found [Incorrect email  password.]">
      <![CDATA[java.lang.AssertionError: expected [Incorrect email or password.] but found [Incorrect email  password.]
at MPTechpractise.Test.Errorvalidationpractise.asubmitOrder(Errorvalidationpractise.java:34)
at java.base/java.util.ArrayList.forEach(ArrayList.java:1511)
at java.base/java.util.concurrent.FutureTask.run(FutureTask.java:264)
at java.base/java.util.concurrent.ThreadPoolExecutor.runWorker(ThreadPoolExecutor.java:1136)
at java.base/java.util.concurrent.ThreadPoolExecutor$Worker.run(ThreadPoolExecutor.java:635)
at java.base/java.lang.Thread.run(Thread.java:840)
... Removed 24 stack frames]]>
    </failure>
  </testcase> <!-- asubmitOrder -->
  <testcase classname="MPTechpractise.Test.Errorvalidationpractise" name="productvalidation" time="14.094"/>
</testsuite> <!-- Validations -->
