<?xml version="1.0" encoding="UTF-8"?>
<testng-results ignored="0" total="2" passed="2" failed="0" skipped="0">
  <reporter-output>
  </reporter-output>
  <suite started-at="2024-08-23T20:43:25 IST" name="Default suite" finished-at="2024-08-23T20:44:27 IST" duration-ms="62225">
    <groups>
      <group name="cucumber">
        <method signature="AbstractTestNGCucumberTests.runScenario(io.cucumber.testng.PickleWrapper,io.cucumber.testng.FeatureWrapper)[pri:0, instance:cucumber.TestNGTestRunner@2e6a8155]" name="runScenario" class="io.cucumber.testng.AbstractTestNGCucumberTests"/>
      </group> <!-- cucumber -->
    </groups>
    <test started-at="2024-08-23T20:43:25 IST" name="Default test" finished-at="2024-08-23T20:44:27 IST" duration-ms="62225">
      <class name="cucumber.TestNGTestRunner">
        <test-method is-config="true" signature="setUpClass(org.testng.ITestContext)[pri:0, instance:cucumber.TestNGTestRunner@2e6a8155]" started-at="2024-08-23T20:43:25 IST" name="setUpClass" finished-at="2024-08-23T20:43:25 IST" duration-ms="485" status="PASS">
          <params>
            <param index="0">
              <value>
                <![CDATA[org.testng.TestRunner@70d63e05]]>
              </value>
            </param>
          </params>
          <reporter-output>
          </reporter-output>
        </test-method> <!-- setUpClass -->
        <test-method signature="runScenario(io.cucumber.testng.PickleWrapper,io.cucumber.testng.FeatureWrapper)[pri:0, instance:cucumber.TestNGTestRunner@2e6a8155]" started-at="2024-08-23T20:43:25 IST" name="runScenario" description="Runs Cucumber Scenarios" data-provider="scenarios" finished-at="2024-08-23T20:43:56 IST" duration-ms="30956" status="PASS">
          <params>
            <param index="0">
              <value>
                <![CDATA["Positive test of purchase the order"]]>
              </value>
            </param>
            <param index="1">
              <value>
                <![CDATA["Purchase order from ecommerce practise"]]>
              </value>
            </param>
          </params>
          <reporter-output>
          </reporter-output>
        </test-method> <!-- runScenario -->
        <test-method signature="runScenario(io.cucumber.testng.PickleWrapper,io.cucumber.testng.FeatureWrapper)[pri:0, instance:cucumber.TestNGTestRunner@2e6a8155]" started-at="2024-08-23T20:43:56 IST" name="runScenario" description="Runs Cucumber Scenarios" data-provider="scenarios" finished-at="2024-08-23T20:44:27 IST" duration-ms="30721" status="PASS">
          <params>
            <param index="0">
              <value>
                <![CDATA["Positive test of purchase the order"]]>
              </value>
            </param>
            <param index="1">
              <value>
                <![CDATA["Purchase order from ecommerce practise"]]>
              </value>
            </param>
          </params>
          <reporter-output>
          </reporter-output>
        </test-method> <!-- runScenario -->
        <test-method is-config="true" signature="tearDownClass()[pri:0, instance:cucumber.TestNGTestRunner@2e6a8155]" started-at="2024-08-23T20:44:27 IST" name="tearDownClass" finished-at="2024-08-23T20:44:27 IST" duration-ms="27" status="PASS">
          <reporter-output>
          </reporter-output>
        </test-method> <!-- tearDownClass -->
      </class> <!-- cucumber.TestNGTestRunner -->
    </test> <!-- Default test -->
  </suite> <!-- Default suite -->
</testng-results>
